{"C:\\Local Disk C\\Time_Capsule\\backend\\server.js": {"path":"C:\\Local Disk C\\Time_Capsule\\backend\\server.js","statementMap":{"0":{"start":{"line":1,"column":16},"end":{"line":1,"column":34}},"1":{"start":{"line":2,"column":15},"end":{"line":2,"column":32}},"2":{"start":{"line":3,"column":13},"end":{"line":3,"column":28}},"3":{"start":{"line":4,"column":18},"end":{"line":4,"column":40}},"4":{"start":{"line":6,"column":19},"end":{"line":6,"column":49}},"5":{"start":{"line":7,"column":22},"end":{"line":7,"column":55}},"6":{"start":{"line":9,"column":0},"end":{"line":9,"column":16}},"7":{"start":{"line":10,"column":0},"end":{"line":10,"column":12}},"8":{"start":{"line":12,"column":12},"end":{"line":12,"column":21}},"9":{"start":{"line":14,"column":0},"end":{"line":14,"column":16}},"10":{"start":{"line":15,"column":0},"end":{"line":15,"column":24}},"11":{"start":{"line":17,"column":0},"end":{"line":17,"column":34}},"12":{"start":{"line":18,"column":0},"end":{"line":18,"column":40}},"13":{"start":{"line":20,"column":0},"end":{"line":22,"column":3}},"14":{"start":{"line":21,"column":2},"end":{"line":21,"column":42}},"15":{"start":{"line":24,"column":0},"end":{"line":26,"column":3}},"16":{"start":{"line":25,"column":2},"end":{"line":25,"column":60}},"17":{"start":{"line":29,"column":0},"end":{"line":34,"column":1}},"18":{"start":{"line":30,"column":15},"end":{"line":30,"column":39}},"19":{"start":{"line":31,"column":2},"end":{"line":33,"column":5}},"20":{"start":{"line":32,"column":4},"end":{"line":32,"column":52}},"21":{"start":{"line":36,"column":0},"end":{"line":36,"column":21}}},"fnMap":{"0":{"name":"(anonymous_0)","decl":{"start":{"line":20,"column":13},"end":{"line":20,"column":14}},"loc":{"start":{"line":20,"column":27},"end":{"line":22,"column":1}},"line":20},"1":{"name":"(anonymous_1)","decl":{"start":{"line":24,"column":8},"end":{"line":24,"column":9}},"loc":{"start":{"line":24,"column":22},"end":{"line":26,"column":1}},"line":24},"2":{"name":"(anonymous_2)","decl":{"start":{"line":31,"column":30},"end":{"line":31,"column":31}},"loc":{"start":{"line":31,"column":36},"end":{"line":33,"column":3}},"line":31}},"branchMap":{"0":{"loc":{"start":{"line":29,"column":0},"end":{"line":34,"column":1}},"type":"if","locations":[{"start":{"line":29,"column":0},"end":{"line":34,"column":1}},{"start":{},"end":{}}],"line":29},"1":{"loc":{"start":{"line":30,"column":15},"end":{"line":30,"column":39}},"type":"binary-expr","locations":[{"start":{"line":30,"column":15},"end":{"line":30,"column":31}},{"start":{"line":30,"column":35},"end":{"line":30,"column":39}}],"line":30}},"s":{"0":3,"1":3,"2":3,"3":3,"4":3,"5":3,"6":3,"7":3,"8":3,"9":3,"10":3,"11":3,"12":3,"13":3,"14":1,"15":3,"16":1,"17":3,"18":0,"19":0,"20":0,"21":3},"f":{"0":1,"1":1,"2":0},"b":{"0":[0,3],"1":[0,0]},"_coverageSchema":"1a1c01bbd47fc00a2c39e90264f33305004495a9","hash":"f098fbe885412ea4127b8c815015a763fdba204d"}
,"C:\\Local Disk C\\Time_Capsule\\backend\\config\\db.js": {"path":"C:\\Local Disk C\\Time_Capsule\\backend\\config\\db.js","statementMap":{"0":{"start":{"line":1,"column":17},"end":{"line":1,"column":36}},"1":{"start":{"line":2,"column":42},"end":{"line":2,"column":60}},"2":{"start":{"line":4,"column":18},"end":{"line":12,"column":1}},"3":{"start":{"line":5,"column":2},"end":{"line":11,"column":3}},"4":{"start":{"line":6,"column":17},"end":{"line":6,"column":62}},"5":{"start":{"line":7,"column":4},"end":{"line":7,"column":64}},"6":{"start":{"line":9,"column":4},"end":{"line":9,"column":64}},"7":{"start":{"line":10,"column":4},"end":{"line":10,"column":20}},"8":{"start":{"line":14,"column":0},"end":{"line":14,"column":27}}},"fnMap":{"0":{"name":"(anonymous_0)","decl":{"start":{"line":4,"column":18},"end":{"line":4,"column":19}},"loc":{"start":{"line":4,"column":30},"end":{"line":12,"column":1}},"line":4}},"branchMap":{},"s":{"0":3,"1":3,"2":3,"3":3,"4":3,"5":3,"6":0,"7":0,"8":3},"f":{"0":3},"b":{},"_coverageSchema":"1a1c01bbd47fc00a2c39e90264f33305004495a9","hash":"38810b13367fcc2d13e3660f91348bc73a62f957"}
,"C:\\Local Disk C\\Time_Capsule\\backend\\controllers\\capsuleController.js": {"path":"C:\\Local Disk C\\Time_Capsule\\backend\\controllers\\capsuleController.js","statementMap":{"0":{"start":{"line":1,"column":16},"end":{"line":1,"column":44}},"1":{"start":{"line":2,"column":13},"end":{"line":2,"column":38}},"2":{"start":{"line":4,"column":22},"end":{"line":47,"column":1}},"3":{"start":{"line":5,"column":2},"end":{"line":46,"column":3}},"4":{"start":{"line":6,"column":48},"end":{"line":6,"column":56}},"5":{"start":{"line":9,"column":4},"end":{"line":11,"column":5}},"6":{"start":{"line":10,"column":6},"end":{"line":10,"column":99}},"7":{"start":{"line":14,"column":26},"end":{"line":14,"column":46}},"8":{"start":{"line":15,"column":26},"end":{"line":15,"column":46}},"9":{"start":{"line":16,"column":4},"end":{"line":18,"column":5}},"10":{"start":{"line":17,"column":6},"end":{"line":17,"column":90}},"11":{"start":{"line":21,"column":23},"end":{"line":26,"column":6}},"12":{"start":{"line":29,"column":4},"end":{"line":36,"column":5}},"13":{"start":{"line":30,"column":6},"end":{"line":32,"column":7}},"14":{"start":{"line":31,"column":8},"end":{"line":31,"column":83}},"15":{"start":{"line":34,"column":6},"end":{"line":34,"column":46}},"16":{"start":{"line":35,"column":6},"end":{"line":35,"column":55}},"17":{"start":{"line":39,"column":18},"end":{"line":39,"column":41}},"18":{"start":{"line":40,"column":4},"end":{"line":40,"column":32}},"19":{"start":{"line":42,"column":4},"end":{"line":42,"column":59}},"20":{"start":{"line":45,"column":4},"end":{"line":45,"column":77}},"21":{"start":{"line":50,"column":28},"end":{"line":79,"column":1}},"22":{"start":{"line":51,"column":2},"end":{"line":78,"column":3}},"23":{"start":{"line":52,"column":19},"end":{"line":52,"column":31}},"24":{"start":{"line":53,"column":16},"end":{"line":53,"column":26}},"25":{"start":{"line":56,"column":21},"end":{"line":56,"column":84}},"26":{"start":{"line":59,"column":4},"end":{"line":64,"column":5}},"27":{"start":{"line":60,"column":6},"end":{"line":63,"column":7}},"28":{"start":{"line":61,"column":8},"end":{"line":61,"column":28}},"29":{"start":{"line":62,"column":8},"end":{"line":62,"column":25}},"30":{"start":{"line":67,"column":21},"end":{"line":72,"column":7}},"31":{"start":{"line":67,"column":44},"end":{"line":72,"column":5}},"32":{"start":{"line":74,"column":4},"end":{"line":74,"column":35}},"33":{"start":{"line":76,"column":4},"end":{"line":76,"column":70}},"34":{"start":{"line":77,"column":4},"end":{"line":77,"column":87}},"35":{"start":{"line":82,"column":23},"end":{"line":98,"column":1}},"36":{"start":{"line":83,"column":2},"end":{"line":97,"column":3}},"37":{"start":{"line":84,"column":19},"end":{"line":84,"column":31}},"38":{"start":{"line":85,"column":21},"end":{"line":85,"column":57}},"39":{"start":{"line":87,"column":21},"end":{"line":92,"column":7}},"40":{"start":{"line":87,"column":44},"end":{"line":92,"column":5}},"41":{"start":{"line":94,"column":4},"end":{"line":94,"column":35}},"42":{"start":{"line":96,"column":4},"end":{"line":96,"column":78}},"43":{"start":{"line":100,"column":22},"end":{"line":112,"column":1}},"44":{"start":{"line":101,"column":2},"end":{"line":111,"column":3}},"45":{"start":{"line":102,"column":20},"end":{"line":102,"column":57}},"46":{"start":{"line":103,"column":4},"end":{"line":103,"column":80}},"47":{"start":{"line":103,"column":18},"end":{"line":103,"column":80}},"48":{"start":{"line":104,"column":4},"end":{"line":106,"column":5}},"49":{"start":{"line":105,"column":6},"end":{"line":105,"column":65}},"50":{"start":{"line":107,"column":4},"end":{"line":107,"column":30}},"51":{"start":{"line":108,"column":4},"end":{"line":108,"column":45}},"52":{"start":{"line":110,"column":4},"end":{"line":110,"column":77}},"53":{"start":{"line":114,"column":0},"end":{"line":119,"column":2}}},"fnMap":{"0":{"name":"(anonymous_0)","decl":{"start":{"line":4,"column":22},"end":{"line":4,"column":23}},"loc":{"start":{"line":4,"column":42},"end":{"line":47,"column":1}},"line":4},"1":{"name":"(anonymous_1)","decl":{"start":{"line":50,"column":28},"end":{"line":50,"column":29}},"loc":{"start":{"line":50,"column":48},"end":{"line":79,"column":1}},"line":50},"2":{"name":"(anonymous_2)","decl":{"start":{"line":67,"column":34},"end":{"line":67,"column":35}},"loc":{"start":{"line":67,"column":44},"end":{"line":72,"column":5}},"line":67},"3":{"name":"(anonymous_3)","decl":{"start":{"line":82,"column":23},"end":{"line":82,"column":24}},"loc":{"start":{"line":82,"column":43},"end":{"line":98,"column":1}},"line":82},"4":{"name":"(anonymous_4)","decl":{"start":{"line":87,"column":34},"end":{"line":87,"column":35}},"loc":{"start":{"line":87,"column":44},"end":{"line":92,"column":5}},"line":87},"5":{"name":"(anonymous_5)","decl":{"start":{"line":100,"column":22},"end":{"line":100,"column":23}},"loc":{"start":{"line":100,"column":42},"end":{"line":112,"column":1}},"line":100}},"branchMap":{"0":{"loc":{"start":{"line":9,"column":4},"end":{"line":11,"column":5}},"type":"if","locations":[{"start":{"line":9,"column":4},"end":{"line":11,"column":5}},{"start":{},"end":{}}],"line":9},"1":{"loc":{"start":{"line":9,"column":8},"end":{"line":9,"column":46}},"type":"binary-expr","locations":[{"start":{"line":9,"column":8},"end":{"line":9,"column":16}},{"start":{"line":9,"column":20},"end":{"line":9,"column":31}},{"start":{"line":9,"column":35},"end":{"line":9,"column":46}}],"line":9},"2":{"loc":{"start":{"line":16,"column":4},"end":{"line":18,"column":5}},"type":"if","locations":[{"start":{"line":16,"column":4},"end":{"line":18,"column":5}},{"start":{},"end":{}}],"line":16},"3":{"loc":{"start":{"line":16,"column":8},"end":{"line":16,"column":72}},"type":"binary-expr","locations":[{"start":{"line":16,"column":8},"end":{"line":16,"column":38}},{"start":{"line":16,"column":42},"end":{"line":16,"column":72}}],"line":16},"4":{"loc":{"start":{"line":29,"column":4},"end":{"line":36,"column":5}},"type":"if","locations":[{"start":{"line":29,"column":4},"end":{"line":36,"column":5}},{"start":{},"end":{}}],"line":29},"5":{"loc":{"start":{"line":30,"column":6},"end":{"line":32,"column":7}},"type":"if","locations":[{"start":{"line":30,"column":6},"end":{"line":32,"column":7}},{"start":{},"end":{}}],"line":30},"6":{"loc":{"start":{"line":60,"column":6},"end":{"line":63,"column":7}},"type":"if","locations":[{"start":{"line":60,"column":6},"end":{"line":63,"column":7}},{"start":{},"end":{}}],"line":60},"7":{"loc":{"start":{"line":69,"column":13},"end":{"line":71,"column":14}},"type":"cond-expr","locations":[{"start":{"line":70,"column":10},"end":{"line":70,"column":85}},{"start":{"line":71,"column":10},"end":{"line":71,"column":14}}],"line":69},"8":{"loc":{"start":{"line":89,"column":13},"end":{"line":91,"column":14}},"type":"cond-expr","locations":[{"start":{"line":90,"column":10},"end":{"line":90,"column":85}},{"start":{"line":91,"column":10},"end":{"line":91,"column":14}}],"line":89},"9":{"loc":{"start":{"line":89,"column":13},"end":{"line":89,"column":40}},"type":"binary-expr","locations":[{"start":{"line":89,"column":13},"end":{"line":89,"column":22}},{"start":{"line":89,"column":26},"end":{"line":89,"column":40}}],"line":89},"10":{"loc":{"start":{"line":103,"column":4},"end":{"line":103,"column":80}},"type":"if","locations":[{"start":{"line":103,"column":4},"end":{"line":103,"column":80}},{"start":{},"end":{}}],"line":103},"11":{"loc":{"start":{"line":104,"column":4},"end":{"line":106,"column":5}},"type":"if","locations":[{"start":{"line":104,"column":4},"end":{"line":106,"column":5}},{"start":{},"end":{}}],"line":104}},"s":{"0":3,"1":3,"2":3,"3":2,"4":2,"5":2,"6":1,"7":1,"8":1,"9":1,"10":0,"11":1,"12":1,"13":0,"14":0,"15":0,"16":0,"17":1,"18":1,"19":0,"20":0,"21":3,"22":1,"23":1,"24":1,"25":1,"26":1,"27":0,"28":0,"29":0,"30":1,"31":0,"32":1,"33":0,"34":0,"35":3,"36":1,"37":1,"38":1,"39":1,"40":1,"41":1,"42":0,"43":3,"44":2,"45":2,"46":1,"47":0,"48":1,"49":0,"50":1,"51":1,"52":1,"53":3},"f":{"0":2,"1":1,"2":0,"3":1,"4":1,"5":2},"b":{"0":[1,1],"1":[2,1,1],"2":[0,1],"3":[1,1],"4":[0,1],"5":[0,0],"6":[0,0],"7":[0,0],"8":[0,1],"9":[1,1],"10":[0,1],"11":[0,1]},"_coverageSchema":"1a1c01bbd47fc00a2c39e90264f33305004495a9","hash":"74176e30f317b4f413bf9cc8fdce807599d5ed6d"}
,"C:\\Local Disk C\\Time_Capsule\\backend\\middleware\\authMiddleware.js": {"path":"C:\\Local Disk C\\Time_Capsule\\backend\\middleware\\authMiddleware.js","statementMap":{"0":{"start":{"line":1,"column":12},"end":{"line":1,"column":35}},"1":{"start":{"line":2,"column":13},"end":{"line":2,"column":38}},"2":{"start":{"line":4,"column":16},"end":{"line":29,"column":1}},"3":{"start":{"line":7,"column":2},"end":{"line":28,"column":3}},"4":{"start":{"line":11,"column":4},"end":{"line":25,"column":5}},"5":{"start":{"line":12,"column":6},"end":{"line":12,"column":54}},"6":{"start":{"line":13,"column":6},"end":{"line":13,"column":47}},"7":{"start":{"line":15,"column":22},"end":{"line":15,"column":63}},"8":{"start":{"line":16,"column":6},"end":{"line":16,"column":47}},"9":{"start":{"line":18,"column":6},"end":{"line":18,"column":69}},"10":{"start":{"line":19,"column":6},"end":{"line":19,"column":54}},"11":{"start":{"line":21,"column":6},"end":{"line":21,"column":13}},"12":{"start":{"line":23,"column":6},"end":{"line":23,"column":64}},"13":{"start":{"line":24,"column":6},"end":{"line":24,"column":79}},"14":{"start":{"line":27,"column":4},"end":{"line":27,"column":73}},"15":{"start":{"line":31,"column":0},"end":{"line":31,"column":29}}},"fnMap":{"0":{"name":"(anonymous_0)","decl":{"start":{"line":4,"column":16},"end":{"line":4,"column":17}},"loc":{"start":{"line":4,"column":42},"end":{"line":29,"column":1}},"line":4}},"branchMap":{"0":{"loc":{"start":{"line":7,"column":2},"end":{"line":28,"column":3}},"type":"if","locations":[{"start":{"line":7,"column":2},"end":{"line":28,"column":3}},{"start":{"line":26,"column":9},"end":{"line":28,"column":3}}],"line":7},"1":{"loc":{"start":{"line":8,"column":4},"end":{"line":9,"column":50}},"type":"binary-expr","locations":[{"start":{"line":8,"column":4},"end":{"line":8,"column":29}},{"start":{"line":9,"column":4},"end":{"line":9,"column":50}}],"line":8}},"s":{"0":4,"1":4,"2":4,"3":11,"4":9,"5":9,"6":9,"7":9,"8":8,"9":8,"10":8,"11":8,"12":1,"13":1,"14":2,"15":4},"f":{"0":11},"b":{"0":[9,2],"1":[11,9]},"_coverageSchema":"1a1c01bbd47fc00a2c39e90264f33305004495a9","hash":"1e59cca169d552b6b807f72eb3942fa50ef0f1ab"}
,"C:\\Local Disk C\\Time_Capsule\\backend\\middleware\\uploadMiddleware.js": {"path":"C:\\Local Disk C\\Time_Capsule\\backend\\middleware\\uploadMiddleware.js","statementMap":{"0":{"start":{"line":1,"column":15},"end":{"line":1,"column":32}},"1":{"start":{"line":3,"column":16},"end":{"line":3,"column":38}},"2":{"start":{"line":5,"column":15},"end":{"line":8,"column":2}},"3":{"start":{"line":10,"column":0},"end":{"line":10,"column":24}}},"fnMap":{},"branchMap":{},"s":{"0":4,"1":4,"2":4,"3":4},"f":{},"b":{},"_coverageSchema":"1a1c01bbd47fc00a2c39e90264f33305004495a9","hash":"7284a8181b225558f0b73a7e3747d6acb077b7ba"}
,"C:\\Local Disk C\\Time_Capsule\\backend\\models\\Capsule.js": {"path":"C:\\Local Disk C\\Time_Capsule\\backend\\models\\Capsule.js","statementMap":{"0":{"start":{"line":1,"column":17},"end":{"line":1,"column":36}},"1":{"start":{"line":3,"column":22},"end":{"line":34,"column":1}},"2":{"start":{"line":36,"column":16},"end":{"line":36,"column":56}},"3":{"start":{"line":38,"column":0},"end":{"line":38,"column":25}}},"fnMap":{},"branchMap":{},"s":{"0":3,"1":3,"2":3,"3":3},"f":{},"b":{},"_coverageSchema":"1a1c01bbd47fc00a2c39e90264f33305004495a9","hash":"f6205c6228ea1d8a65c5f8f09f88608e2ee3f32f"}
,"C:\\Local Disk C\\Time_Capsule\\backend\\models\\User.js": {"path":"C:\\Local Disk C\\Time_Capsule\\backend\\models\\User.js","statementMap":{"0":{"start":{"line":1,"column":17},"end":{"line":1,"column":36}},"1":{"start":{"line":3,"column":19},"end":{"line":19,"column":2}},"2":{"start":{"line":21,"column":0},"end":{"line":21,"column":52}}},"fnMap":{},"branchMap":{},"s":{"0":4,"1":4,"2":4},"f":{},"b":{},"_coverageSchema":"1a1c01bbd47fc00a2c39e90264f33305004495a9","hash":"8dd144b9fae7ac2b3ee54abdf22d71f668ca63c5"}
,"C:\\Local Disk C\\Time_Capsule\\backend\\routes\\capsuleRoutes.js": {"path":"C:\\Local Disk C\\Time_Capsule\\backend\\routes\\capsuleRoutes.js","statementMap":{"0":{"start":{"line":1,"column":16},"end":{"line":1,"column":34}},"1":{"start":{"line":2,"column":15},"end":{"line":2,"column":31}},"2":{"start":{"line":3,"column":20},"end":{"line":3,"column":59}},"3":{"start":{"line":4,"column":15},"end":{"line":4,"column":56}},"4":{"start":{"line":10,"column":4},"end":{"line":10,"column":47}},"5":{"start":{"line":13,"column":0},"end":{"line":13,"column":65}},"6":{"start":{"line":16,"column":0},"end":{"line":16,"column":54}},"7":{"start":{"line":19,"column":0},"end":{"line":19,"column":44}},"8":{"start":{"line":22,"column":0},"end":{"line":22,"column":46}},"9":{"start":{"line":24,"column":0},"end":{"line":24,"column":24}}},"fnMap":{},"branchMap":{},"s":{"0":3,"1":3,"2":3,"3":3,"4":3,"5":3,"6":3,"7":3,"8":3,"9":3},"f":{},"b":{},"_coverageSchema":"1a1c01bbd47fc00a2c39e90264f33305004495a9","hash":"f0d3a87c7552c22a0840fbe59070dcc8a119378d"}
,"C:\\Local Disk C\\Time_Capsule\\backend\\routes\\userRoutes.js": {"path":"C:\\Local Disk C\\Time_Capsule\\backend\\routes\\userRoutes.js","statementMap":{"0":{"start":{"line":1,"column":16},"end":{"line":1,"column":34}},"1":{"start":{"line":2,"column":15},"end":{"line":2,"column":31}},"2":{"start":{"line":3,"column":15},"end":{"line":3,"column":34}},"3":{"start":{"line":4,"column":12},"end":{"line":4,"column":35}},"4":{"start":{"line":5,"column":13},"end":{"line":5,"column":38}},"5":{"start":{"line":6,"column":20},"end":{"line":6,"column":59}},"6":{"start":{"line":9,"column":0},"end":{"line":28,"column":3}},"7":{"start":{"line":10,"column":40},"end":{"line":10,"column":48}},"8":{"start":{"line":12,"column":2},"end":{"line":27,"column":3}},"9":{"start":{"line":13,"column":25},"end":{"line":13,"column":54}},"10":{"start":{"line":14,"column":4},"end":{"line":14,"column":86}},"11":{"start":{"line":14,"column":22},"end":{"line":14,"column":86}},"12":{"start":{"line":16,"column":17},"end":{"line":16,"column":41}},"13":{"start":{"line":17,"column":27},"end":{"line":17,"column":60}},"14":{"start":{"line":19,"column":20},"end":{"line":19,"column":84}},"15":{"start":{"line":21,"column":18},"end":{"line":21,"column":92}},"16":{"start":{"line":23,"column":4},"end":{"line":23,"column":104}},"17":{"start":{"line":26,"column":4},"end":{"line":26,"column":62}},"18":{"start":{"line":31,"column":0},"end":{"line":48,"column":3}},"19":{"start":{"line":32,"column":30},"end":{"line":32,"column":38}},"20":{"start":{"line":34,"column":2},"end":{"line":47,"column":3}},"21":{"start":{"line":35,"column":17},"end":{"line":35,"column":46}},"22":{"start":{"line":36,"column":4},"end":{"line":36,"column":85}},"23":{"start":{"line":36,"column":15},"end":{"line":36,"column":85}},"24":{"start":{"line":38,"column":20},"end":{"line":38,"column":65}},"25":{"start":{"line":39,"column":4},"end":{"line":39,"column":88}},"26":{"start":{"line":39,"column":18},"end":{"line":39,"column":88}},"27":{"start":{"line":41,"column":18},"end":{"line":41,"column":89}},"28":{"start":{"line":43,"column":4},"end":{"line":43,"column":95}},"29":{"start":{"line":46,"column":4},"end":{"line":46,"column":62}},"30":{"start":{"line":51,"column":0},"end":{"line":55,"column":3}},"31":{"start":{"line":52,"column":2},"end":{"line":54,"column":5}},"32":{"start":{"line":57,"column":0},"end":{"line":57,"column":24}}},"fnMap":{"0":{"name":"(anonymous_0)","decl":{"start":{"line":9,"column":25},"end":{"line":9,"column":26}},"loc":{"start":{"line":9,"column":45},"end":{"line":28,"column":1}},"line":9},"1":{"name":"(anonymous_1)","decl":{"start":{"line":31,"column":22},"end":{"line":31,"column":23}},"loc":{"start":{"line":31,"column":42},"end":{"line":48,"column":1}},"line":31},"2":{"name":"(anonymous_2)","decl":{"start":{"line":51,"column":34},"end":{"line":51,"column":35}},"loc":{"start":{"line":51,"column":48},"end":{"line":55,"column":1}},"line":51}},"branchMap":{"0":{"loc":{"start":{"line":14,"column":4},"end":{"line":14,"column":86}},"type":"if","locations":[{"start":{"line":14,"column":4},"end":{"line":14,"column":86}},{"start":{},"end":{}}],"line":14},"1":{"loc":{"start":{"line":36,"column":4},"end":{"line":36,"column":85}},"type":"if","locations":[{"start":{"line":36,"column":4},"end":{"line":36,"column":85}},{"start":{},"end":{}}],"line":36},"2":{"loc":{"start":{"line":39,"column":4},"end":{"line":39,"column":88}},"type":"if","locations":[{"start":{"line":39,"column":4},"end":{"line":39,"column":88}},{"start":{},"end":{}}],"line":39}},"s":{"0":3,"1":3,"2":3,"3":3,"4":3,"5":3,"6":3,"7":3,"8":3,"9":3,"10":3,"11":1,"12":2,"13":2,"14":2,"15":2,"16":2,"17":0,"18":3,"19":3,"20":3,"21":3,"22":3,"23":0,"24":3,"25":3,"26":1,"27":2,"28":2,"29":0,"30":3,"31":1,"32":3},"f":{"0":3,"1":3,"2":1},"b":{"0":[1,2],"1":[0,3],"2":[1,2]},"_coverageSchema":"1a1c01bbd47fc00a2c39e90264f33305004495a9","hash":"da045c688522f0fa7b8b1135e375f8e21f80f1bd"}
}
