TN:
SF:server.js
FN:20,(anonymous_0)
FN:24,(anonymous_1)
FN:31,(anonymous_2)
FNF:3
FNH:2
FNDA:1,(anonymous_0)
FNDA:1,(anonymous_1)
FNDA:0,(anonymous_2)
DA:1,3
DA:2,3
DA:3,3
DA:4,3
DA:6,3
DA:7,3
DA:9,3
DA:10,3
DA:12,3
DA:14,3
DA:15,3
DA:17,3
DA:18,3
DA:20,3
DA:21,1
DA:24,3
DA:25,1
DA:29,3
DA:30,0
DA:31,0
DA:32,0
DA:36,3
LF:22
LH:19
BRDA:29,0,0,0
BRDA:29,0,1,3
BRDA:30,1,0,0
BRDA:30,1,1,0
BRF:4
BRH:1
end_of_record
TN:
SF:config\db.js
FN:4,(anonymous_0)
FNF:1
FNH:1
FNDA:3,(anonymous_0)
DA:1,3
DA:2,3
DA:4,3
DA:5,3
DA:6,3
DA:7,3
DA:9,0
DA:10,0
DA:14,3
LF:9
LH:7
BRF:0
BRH:0
end_of_record
TN:
SF:controllers\capsuleController.js
FN:4,(anonymous_0)
FN:50,(anonymous_1)
FN:67,(anonymous_2)
FN:82,(anonymous_3)
FN:87,(anonymous_4)
FN:100,(anonymous_5)
FNF:6
FNH:5
FNDA:2,(anonymous_0)
FNDA:1,(anonymous_1)
FNDA:0,(anonymous_2)
FNDA:1,(anonymous_3)
FNDA:1,(anonymous_4)
FNDA:2,(anonymous_5)
DA:1,3
DA:2,3
DA:4,3
DA:5,2
DA:6,2
DA:9,2
DA:10,1
DA:14,1
DA:15,1
DA:16,1
DA:17,0
DA:21,1
DA:29,1
DA:30,0
DA:31,0
DA:34,0
DA:35,0
DA:39,1
DA:40,1
DA:42,0
DA:45,0
DA:50,3
DA:51,1
DA:52,1
DA:53,1
DA:56,1
DA:59,1
DA:60,0
DA:61,0
DA:62,0
DA:67,1
DA:74,1
DA:76,0
DA:77,0
DA:82,3
DA:83,1
DA:84,1
DA:85,1
DA:87,1
DA:94,1
DA:96,0
DA:100,3
DA:101,2
DA:102,2
DA:103,1
DA:104,1
DA:105,0
DA:107,1
DA:108,1
DA:110,1
DA:114,3
LF:51
LH:37
BRDA:9,0,0,1
BRDA:9,0,1,1
BRDA:9,1,0,2
BRDA:9,1,1,1
BRDA:9,1,2,1
BRDA:16,2,0,0
BRDA:16,2,1,1
BRDA:16,3,0,1
BRDA:16,3,1,1
BRDA:29,4,0,0
BRDA:29,4,1,1
BRDA:30,5,0,0
BRDA:30,5,1,0
BRDA:60,6,0,0
BRDA:60,6,1,0
BRDA:69,7,0,0
BRDA:69,7,1,0
BRDA:89,8,0,0
BRDA:89,8,1,1
BRDA:89,9,0,1
BRDA:89,9,1,1
BRDA:103,10,0,0
BRDA:103,10,1,1
BRDA:104,11,0,0
BRDA:104,11,1,1
BRF:25
BRH:14
end_of_record
TN:
SF:middleware\authMiddleware.js
FN:4,(anonymous_0)
FNF:1
FNH:1
FNDA:11,(anonymous_0)
DA:1,4
DA:2,4
DA:4,4
DA:7,11
DA:11,9
DA:12,9
DA:13,9
DA:15,9
DA:16,8
DA:18,8
DA:19,8
DA:21,8
DA:23,1
DA:24,1
DA:27,2
DA:31,4
LF:16
LH:16
BRDA:7,0,0,9
BRDA:7,0,1,2
BRDA:8,1,0,11
BRDA:8,1,1,9
BRF:4
BRH:4
end_of_record
TN:
SF:middleware\uploadMiddleware.js
FNF:0
FNH:0
DA:1,4
DA:3,4
DA:5,4
DA:10,4
LF:4
LH:4
BRF:0
BRH:0
end_of_record
TN:
SF:models\Capsule.js
FNF:0
FNH:0
DA:1,3
DA:3,3
DA:36,3
DA:38,3
LF:4
LH:4
BRF:0
BRH:0
end_of_record
TN:
SF:models\User.js
FNF:0
FNH:0
DA:1,4
DA:3,4
DA:21,4
LF:3
LH:3
BRF:0
BRH:0
end_of_record
TN:
SF:routes\capsuleRoutes.js
FNF:0
FNH:0
DA:1,3
DA:2,3
DA:3,3
DA:4,3
DA:10,3
DA:13,3
DA:16,3
DA:19,3
DA:22,3
DA:24,3
LF:10
LH:10
BRF:0
BRH:0
end_of_record
TN:
SF:routes\userRoutes.js
FN:9,(anonymous_0)
FN:31,(anonymous_1)
FN:51,(anonymous_2)
FNF:3
FNH:3
FNDA:3,(anonymous_0)
FNDA:3,(anonymous_1)
FNDA:1,(anonymous_2)
DA:1,3
DA:2,3
DA:3,3
DA:4,3
DA:5,3
DA:6,3
DA:9,3
DA:10,3
DA:12,3
DA:13,3
DA:14,3
DA:16,2
DA:17,2
DA:19,2
DA:21,2
DA:23,2
DA:26,0
DA:31,3
DA:32,3
DA:34,3
DA:35,3
DA:36,3
DA:38,3
DA:39,3
DA:41,2
DA:43,2
DA:46,0
DA:51,3
DA:52,1
DA:57,3
LF:30
LH:28
BRDA:14,0,0,1
BRDA:14,0,1,2
BRDA:36,1,0,0
BRDA:36,1,1,3
BRDA:39,2,0,1
BRDA:39,2,1,2
BRF:6
BRH:5
end_of_record
